<?xml version="1.0" encoding="UTF-8"?>
<testng-results ignored="0" total="2" passed="2" failed="0" skipped="0">
  <reporter-output>
  </reporter-output>
  <suite started-at="2023-06-19T22:40:03 CDT" name="Suite" finished-at="2023-06-19T22:41:03 CDT" duration-ms="59927">
    <groups>
    </groups>
    <test started-at="2023-06-19T22:40:03 CDT" name="Test" finished-at="2023-06-19T22:41:03 CDT" duration-ms="59927">
      <class name="com.learnautomation.testcases.LoginTest">
        <test-method is-config="true" signature="setupApplication()[pri:0, instance:com.learnautomation.testcases.LoginTest@2d778add]" started-at="2023-06-19T22:40:03 CDT" name="setupApplication" finished-at="2023-06-19T22:40:14 CDT" duration-ms="10968" status="PASS">
          <reporter-output>
          </reporter-output>
        </test-method> <!-- setupApplication -->
        <test-method signature="loginToApp(java.lang.String,java.lang.String)[pri:0, instance:com.learnautomation.testcases.LoginTest@2d778add]" started-at="2023-06-19T22:40:16 CDT" name="loginToApp" data-provider="users" finished-at="2023-06-19T22:40:58 CDT" duration-ms="42732" status="PASS">
          <params>
            <param index="0">
              <value>
                <![CDATA[pragnna@gmail.com]]>
              </value>
            </param>
            <param index="1">
              <value>
                <![CDATA[Daddy@123]]>
              </value>
            </param>
          </params>
          <reporter-output>
          </reporter-output>
        </test-method> <!-- loginToApp -->
        <test-method signature="loginToApp(java.lang.String,java.lang.String)[pri:0, instance:com.learnautomation.testcases.LoginTest@2d778add]" started-at="2023-06-19T22:40:58 CDT" name="loginToApp" data-provider="users" finished-at="2023-06-19T22:41:03 CDT" duration-ms="4526" status="PASS">
          <params>
            <param index="0">
              <value>
                <![CDATA[pragn@gmail.com]]>
              </value>
            </param>
            <param index="1">
              <value>
                <![CDATA[Daddy@123]]>
              </value>
            </param>
          </params>
          <reporter-output>
          </reporter-output>
        </test-method> <!-- loginToApp -->
        <test-method is-config="true" signature="tearDown()[pri:0, instance:com.learnautomation.testcases.LoginTest@2d778add]" started-at="2023-06-19T22:41:03 CDT" name="tearDown" finished-at="2023-06-19T22:41:03 CDT" duration-ms="297" status="PASS">
          <reporter-output>
          </reporter-output>
        </test-method> <!-- tearDown -->
      </class> <!-- com.learnautomation.testcases.LoginTest -->
    </test> <!-- Test -->
  </suite> <!-- Suite -->
</testng-results>
